# JRE version: OpenJDK Runtime Environment Temurin-21.0.10+7 (21.0.10+7) (build 21.0.10+7-LTS)
# Java VM: OpenJDK 64-Bit Server VM Temurin-21.0.10+7 (21.0.10+7-LTS, mixed mode, sharing, tiered, compressed oops, compressed class ptrs, parallel gc, windows-amd64)
GC Precious Log:
 CardTable entry size: 512
 CPUs: 16 total, 16 available
 Memory: 7501M
 Large Page Support: Disabled
 NUMA Support: Disabled
 Compressed Oops: Enabled (32-bit)
 Alignments: Space 512K, Generation 512K, Heap 2M
 Heap Min Capacity: 100M
 Heap Initial Capacity: 100M
 Heap Max Capacity: 2G
 Pre-touch: Disabled
 Parallel Workers: 13
Heap:
 PSYoungGen      total 14848K, used 11740K [0x00000000d5580000, 0x00000000d6680000, 0x0000000100000000)
  eden space 13824K, 80% used [0x00000000d5580000,0x00000000d606b358,0x00000000d6300000)
  from space 1024K, 54% used [0x00000000d6480000,0x00000000d650c030,0x00000000d6580000)
  to   space 1024K, 0% used [0x00000000d6580000,0x00000000d6580000,0x00000000d6680000)
 ParOldGen       total 68608K, used 56720K [0x0000000080000000, 0x0000000084300000, 0x00000000d5580000)
  object space 68608K, 82% used [0x0000000080000000,0x0000000083764038,0x0000000084300000)
 Metaspace       used 76114K, committed 77568K, reserved 1179648K
  class space    used 8177K, committed 8832K, reserved 1048576K
GC Heap History (20 events):
Event: 15.592 GC heap before
{Heap before GC invocations=43 (full 3):
 PSYoungGen      total 18944K, used 18579K [0x00000000d5580000, 0x00000000d6b80000, 0x0000000100000000)
  eden space 16896K, 99% used [0x00000000d5580000,0x00000000d65d7760,0x00000000d6600000)
  from space 2048K, 90% used [0x00000000d6600000,0x00000000d67cd768,0x00000000d6800000)
  to   space 2560K, 0% used [0x00000000d6900000,0x00000000d6900000,0x00000000d6b80000)
 ParOldGen       total 68608K, used 48622K [0x0000000080000000, 0x0000000084300000, 0x00000000d5580000)
  object space 68608K, 70% used [0x0000000080000000,0x0000000082f7bb38,0x0000000084300000)
 Metaspace       used 68909K, committed 70336K, reserved 1114112K
  class space    used 7376K, committed 8000K, reserved 1048576K
}
Event: 15.594 GC heap after
{Heap after GC invocations=43 (full 3):
 PSYoungGen      total 17920K, used 849K [0x00000000d5580000, 0x00000000d6a00000, 0x0000000100000000)
  eden space 16896K, 0% used [0x00000000d5580000,0x00000000d5580000,0x00000000d6600000)
  from space 1024K, 82% used [0x00000000d6900000,0x00000000d69d45c8,0x00000000d6a00000)
  to   space 1536K, 0% used [0x00000000d6700000,0x00000000d6700000,0x00000000d6880000)
 ParOldGen       total 68608K, used 49780K [0x0000000080000000, 0x0000000084300000, 0x00000000d5580000)
  object space 68608K, 72% used [0x0000000080000000,0x000000008309d148,0x0000000084300000)
 Metaspace       used 68909K, committed 70336K, reserved 1114112K
  class space    used 7376K, committed 8000K, reserved 1048576K
}
Event: 16.060 GC heap before
{Heap before GC invocations=44 (full 3):
 PSYoungGen      total 17920K, used 17745K [0x00000000d5580000, 0x00000000d6a00000, 0x0000000100000000)
  eden space 16896K, 100% used [0x00000000d5580000,0x00000000d6600000,0x00000000d6600000)
  from space 1024K, 82% used [0x00000000d6900000,0x00000000d69d45c8,0x00000000d6a00000)
  to   space 1536K, 0% used [0x00000000d6700000,0x00000000d6700000,0x00000000d6880000)
 ParOldGen       total 68608K, used 49780K [0x0000000080000000, 0x0000000084300000, 0x00000000d5580000)
  object space 68608K, 72% used [0x0000000080000000,0x000000008309d148,0x0000000084300000)
 Metaspace       used 70651K, committed 72064K, reserved 1114112K
  class space    used 7654K, committed 8256K, reserved 1048576K
}
Event: 16.063 GC heap after
{Heap after GC invocations=44 (full 3):
 PSYoungGen      total 18432K, used 576K [0x00000000d5580000, 0x00000000d6980000, 0x0000000100000000)
  eden space 16896K, 0% used [0x00000000d5580000,0x00000000d5580000,0x00000000d6600000)
  from space 1536K, 37% used [0x00000000d6700000,0x00000000d6790000,0x00000000d6880000)
  to   space 1024K, 0% used [0x00000000d6880000,0x00000000d6880000,0x00000000d6980000)
 ParOldGen       total 68608K, used 50420K [0x0000000080000000, 0x0000000084300000, 0x00000000d5580000)
  object space 68608K, 73% used [0x0000000080000000,0x000000008313d2f8,0x0000000084300000)
 Metaspace       used 70651K, committed 72064K, reserved 1114112K
  class space    used 7654K, committed 8256K, reserved 1048576K
}
Event: 17.777 GC heap before
{Heap before GC invocations=45 (full 3):
 PSYoungGen      total 18432K, used 17472K [0x00000000d5580000, 0x00000000d6980000, 0x0000000100000000)
  eden space 16896K, 100% used [0x00000000d5580000,0x00000000d6600000,0x00000000d6600000)
  from space 1536K, 37% used [0x00000000d6700000,0x00000000d6790000,0x00000000d6880000)
  to   space 1024K, 0% used [0x00000000d6880000,0x00000000d6880000,0x00000000d6980000)
 ParOldGen       total 68608K, used 50420K [0x0000000080000000, 0x0000000084300000, 0x00000000d5580000)
  object space 68608K, 73% used [0x0000000080000000,0x000000008313d2f8,0x0000000084300000)
 Metaspace       used 71715K, committed 73216K, reserved 1114112K
  class space    used 7792K, committed 8448K, reserved 1048576K
}
Event: 17.782 GC heap after
{Heap after GC invocations=45 (full 3):
 PSYoungGen      total 14848K, used 1004K [0x00000000d5580000, 0x00000000d7100000, 0x0000000100000000)
  eden space 13824K, 0% used [0x00000000d5580000,0x00000000d5580000,0x00000000d6300000)
  from space 1024K, 98% used [0x00000000d6880000,0x00000000d697b120,0x00000000d6980000)
  to   space 5632K, 0% used [0x00000000d6300000,0x00000000d6300000,0x00000000d6880000)
 ParOldGen       total 68608K, used 54004K [0x0000000080000000, 0x0000000084300000, 0x00000000d5580000)
  object space 68608K, 78% used [0x0000000080000000,0x00000000834bd328,0x0000000084300000)
 Metaspace       used 71715K, committed 73216K, reserved 1114112K
  class space    used 7792K, committed 8448K, reserved 1048576K
}
Event: 31.842 GC heap before
{Heap before GC invocations=46 (full 3):
 PSYoungGen      total 14848K, used 14828K [0x00000000d5580000, 0x00000000d7100000, 0x0000000100000000)
  eden space 13824K, 100% used [0x00000000d5580000,0x00000000d6300000,0x00000000d6300000)
  from space 1024K, 98% used [0x00000000d6880000,0x00000000d697b120,0x00000000d6980000)
  to   space 5632K, 0% used [0x00000000d6300000,0x00000000d6300000,0x00000000d6880000)
 ParOldGen       total 68608K, used 54004K [0x0000000080000000, 0x0000000084300000, 0x00000000d5580000)
  object space 68608K, 78% used [0x0000000080000000,0x00000000834bd328,0x0000000084300000)
 Metaspace       used 72181K, committed 73600K, reserved 1179648K
  class space    used 7815K, committed 8448K, reserved 1048576K
}
Event: 31.847 GC heap after
{Heap after GC invocations=46 (full 3):
 PSYoungGen      total 17408K, used 3276K [0x00000000d5580000, 0x00000000d6b00000, 0x0000000100000000)
  eden space 13824K, 0% used [0x00000000d5580000,0x00000000d5580000,0x00000000d6300000)
  from space 3584K, 91% used [0x00000000d6300000,0x00000000d6633140,0x00000000d6680000)
  to   space 4096K, 0% used [0x00000000d6700000,0x00000000d6700000,0x00000000d6b00000)
 ParOldGen       total 68608K, used 54502K [0x0000000080000000, 0x0000000084300000, 0x00000000d5580000)
  object space 68608K, 79% used [0x0000000080000000,0x0000000083539918,0x0000000084300000)
 Metaspace       used 72181K, committed 73600K, reserved 1179648K
  class space    used 7815K, committed 8448K, reserved 1048576K
}
Event: 34.937 GC heap before
{Heap before GC invocations=47 (full 3):
 PSYoungGen      total 17408K, used 17100K [0x00000000d5580000, 0x00000000d6b00000, 0x0000000100000000)
  eden space 13824K, 100% used [0x00000000d5580000,0x00000000d6300000,0x00000000d6300000)
  from space 3584K, 91% used [0x00000000d6300000,0x00000000d6633140,0x00000000d6680000)
  to   space 4096K, 0% used [0x00000000d6700000,0x00000000d6700000,0x00000000d6b00000)
 ParOldGen       total 68608K, used 54502K [0x0000000080000000, 0x0000000084300000, 0x00000000d5580000)
  object space 68608K, 79% used [0x0000000080000000,0x0000000083539918,0x0000000084300000)
 Metaspace       used 72521K, committed 73920K, reserved 1179648K
  class space    used 7825K, committed 8448K, reserved 1048576K
}
Event: 34.943 GC heap after
{Heap after GC invocations=47 (full 3):
 PSYoungGen      total 16896K, used 2764K [0x00000000d5580000, 0x00000000d6a00000, 0x0000000100000000)
  eden space 13824K, 0% used [0x00000000d5580000,0x00000000d5580000,0x00000000d6300000)
  from space 3072K, 89% used [0x00000000d6700000,0x00000000d69b3100,0x00000000d6a00000)
  to   space 3072K, 0% used [0x00000000d6400000,0x00000000d6400000,0x00000000d6700000)
 ParOldGen       total 68608K, used 54774K [0x0000000080000000, 0x0000000084300000, 0x00000000d5580000)
  object space 68608K, 79% used [0x0000000080000000,0x000000008357d958,0x0000000084300000)
 Metaspace       used 72521K, committed 73920K, reserved 1179648K
  class space    used 7825K, committed 8448K, reserved 1048576K
}
Event: 35.394 GC heap before
{Heap before GC invocations=48 (full 3):
 PSYoungGen      total 16896K, used 16588K [0x00000000d5580000, 0x00000000d6a00000, 0x0000000100000000)
  eden space 13824K, 100% used [0x00000000d5580000,0x00000000d6300000,0x00000000d6300000)
  from space 3072K, 89% used [0x00000000d6700000,0x00000000d69b3100,0x00000000d6a00000)
  to   space 3072K, 0% used [0x00000000d6400000,0x00000000d6400000,0x00000000d6700000)
 ParOldGen       total 68608K, used 54774K [0x0000000080000000, 0x0000000084300000, 0x00000000d5580000)
  object space 68608K, 79% used [0x0000000080000000,0x000000008357d958,0x0000000084300000)
 Metaspace       used 72994K, committed 74432K, reserved 1179648K
  class space    used 7891K, committed 8512K, reserved 1048576K
}
Event: 35.399 GC heap after
{Heap after GC invocations=48 (full 3):
 PSYoungGen      total 14336K, used 352K [0x00000000d5580000, 0x00000000d6780000, 0x0000000100000000)
  eden space 13824K, 0% used [0x00000000d5580000,0x00000000d5580000,0x00000000d6300000)
  from space 512K, 68% used [0x00000000d6400000,0x00000000d6458000,0x00000000d6480000)
  to   space 1536K, 0% used [0x00000000d6600000,0x00000000d6600000,0x00000000d6780000)
 ParOldGen       total 68608K, used 55311K [0x0000000080000000, 0x0000000084300000, 0x00000000d5580000)
  object space 68608K, 80% used [0x0000000080000000,0x0000000083603f10,0x0000000084300000)
 Metaspace       used 72994K, committed 74432K, reserved 1179648K
  class space    used 7891K, committed 8512K, reserved 1048576K
}
Event: 35.862 GC heap before
{Heap before GC invocations=49 (full 3):
 PSYoungGen      total 14336K, used 14176K [0x00000000d5580000, 0x00000000d6780000, 0x0000000100000000)
  eden space 13824K, 100% used [0x00000000d5580000,0x00000000d6300000,0x00000000d6300000)
  from space 512K, 68% used [0x00000000d6400000,0x00000000d6458000,0x00000000d6480000)
  to   space 1536K, 0% used [0x00000000d6600000,0x00000000d6600000,0x00000000d6780000)
 ParOldGen       total 68608K, used 55311K [0x0000000080000000, 0x0000000084300000, 0x00000000d5580000)
  object space 68608K, 80% used [0x0000000080000000,0x0000000083603f10,0x0000000084300000)
 Metaspace       used 74321K, committed 75776K, reserved 1179648K
  class space    used 8047K, committed 8704K, reserved 1048576K
}
Event: 35.868 GC heap after
{Heap after GC invocations=49 (full 3):
 PSYoungGen      total 15360K, used 1200K [0x00000000d5580000, 0x00000000d6780000, 0x0000000100000000)
  eden space 13824K, 0% used [0x00000000d5580000,0x00000000d5580000,0x00000000d6300000)
  from space 1536K, 78% used [0x00000000d6600000,0x00000000d672c010,0x00000000d6780000)
  to   space 1536K, 0% used [0x00000000d6480000,0x00000000d6480000,0x00000000d6600000)
 ParOldGen       total 68608K, used 55455K [0x0000000080000000, 0x0000000084300000, 0x00000000d5580000)
  object space 68608K, 80% used [0x0000000080000000,0x0000000083627f10,0x0000000084300000)
 Metaspace       used 74321K, committed 75776K, reserved 1179648K
  class space    used 8047K, committed 8704K, reserved 1048576K
}
Event: 36.095 GC heap before
{Heap before GC invocations=50 (full 3):
 PSYoungGen      total 15360K, used 15023K [0x00000000d5580000, 0x00000000d6780000, 0x0000000100000000)
  eden space 13824K, 99% used [0x00000000d5580000,0x00000000d62fff50,0x00000000d6300000)
  from space 1536K, 78% used [0x00000000d6600000,0x00000000d672c010,0x00000000d6780000)
  to   space 1536K, 0% used [0x00000000d6480000,0x00000000d6480000,0x00000000d6600000)
 ParOldGen       total 68608K, used 55455K [0x0000000080000000, 0x0000000084300000, 0x00000000d5580000)
  object space 68608K, 80% used [0x0000000080000000,0x0000000083627f10,0x0000000084300000)
 Metaspace       used 75348K, committed 76864K, reserved 1179648K
  class space    used 8176K, committed 8832K, reserved 1048576K
}
Event: 36.096 GC heap after
{Heap after GC invocations=50 (full 3):
 PSYoungGen      total 15360K, used 1152K [0x00000000d5580000, 0x00000000d6680000, 0x0000000100000000)
  eden space 13824K, 0% used [0x00000000d5580000,0x00000000d5580000,0x00000000d6300000)
  from space 1536K, 75% used [0x00000000d6480000,0x00000000d65a0020,0x00000000d6600000)
  to   space 512K, 0% used [0x00000000d6600000,0x00000000d6600000,0x00000000d6680000)
 ParOldGen       total 68608K, used 55651K [0x0000000080000000, 0x0000000084300000, 0x00000000d5580000)
  object space 68608K, 81% used [0x0000000080000000,0x0000000083658c90,0x0000000084300000)
 Metaspace       used 75348K, committed 76864K, reserved 1179648K
  class space    used 8176K, committed 8832K, reserved 1048576K
}
Event: 36.659 GC heap before
{Heap before GC invocations=51 (full 3):
 PSYoungGen      total 15360K, used 14976K [0x00000000d5580000, 0x00000000d6680000, 0x0000000100000000)
  eden space 13824K, 100% used [0x00000000d5580000,0x00000000d6300000,0x00000000d6300000)
  from space 1536K, 75% used [0x00000000d6480000,0x00000000d65a0020,0x00000000d6600000)
  to   space 512K, 0% used [0x00000000d6600000,0x00000000d6600000,0x00000000d6680000)
 ParOldGen       total 68608K, used 55651K [0x0000000080000000, 0x0000000084300000, 0x00000000d5580000)
  object space 68608K, 81% used [0x0000000080000000,0x0000000083658c90,0x0000000084300000)
 Metaspace       used 75584K, committed 77120K, reserved 1179648K
  class space    used 8177K, committed 8832K, reserved 1048576K
}
Event: 36.662 GC heap after
{Heap after GC invocations=51 (full 3):
 PSYoungGen      total 14336K, used 448K [0x00000000d5580000, 0x00000000d6680000, 0x0000000100000000)
  eden space 13824K, 0% used [0x00000000d5580000,0x00000000d5580000,0x00000000d6300000)
  from space 512K, 87% used [0x00000000d6600000,0x00000000d6670000,0x00000000d6680000)
  to   space 1024K, 0% used [0x00000000d6480000,0x00000000d6480000,0x00000000d6580000)
 ParOldGen       total 68608K, used 56574K [0x0000000080000000, 0x0000000084300000, 0x00000000d5580000)
  object space 68608K, 82% used [0x0000000080000000,0x000000008373fa78,0x0000000084300000)
 Metaspace       used 75584K, committed 77120K, reserved 1179648K
  class space    used 8177K, committed 8832K, reserved 1048576K
}
Event: 38.262 GC heap before
{Heap before GC invocations=52 (full 3):
 PSYoungGen      total 14336K, used 14272K [0x00000000d5580000, 0x00000000d6680000, 0x0000000100000000)
  eden space 13824K, 100% used [0x00000000d5580000,0x00000000d6300000,0x00000000d6300000)
  from space 512K, 87% used [0x00000000d6600000,0x00000000d6670000,0x00000000d6680000)
  to   space 1024K, 0% used [0x00000000d6480000,0x00000000d6480000,0x00000000d6580000)
 ParOldGen       total 68608K, used 56574K [0x0000000080000000, 0x0000000084300000, 0x00000000d5580000)
  object space 68608K, 82% used [0x0000000080000000,0x000000008373fa78,0x0000000084300000)
 Metaspace       used 75785K, committed 77248K, reserved 1179648K
  class space    used 8177K, committed 8832K, reserved 1048576K
}
Event: 38.264 GC heap after
{Heap after GC invocations=52 (full 3):
 PSYoungGen      total 14848K, used 560K [0x00000000d5580000, 0x00000000d6680000, 0x0000000100000000)
  eden space 13824K, 0% used [0x00000000d5580000,0x00000000d5580000,0x00000000d6300000)
  from space 1024K, 54% used [0x00000000d6480000,0x00000000d650c030,0x00000000d6580000)
  to   space 1024K, 0% used [0x00000000d6580000,0x00000000d6580000,0x00000000d6680000)
 ParOldGen       total 68608K, used 56720K [0x0000000080000000, 0x0000000084300000, 0x00000000d5580000)
  object space 68608K, 82% used [0x0000000080000000,0x0000000083764038,0x0000000084300000)
 Metaspace       used 75785K, committed 77248K, reserved 1179648K
  class space    used 8177K, committed 8832K, reserved 1048576K
}

