# JRE version: OpenJDK Runtime Environment Temurin-21.0.10+7 (21.0.10+7) (build 21.0.10+7-LTS)
# Java VM: OpenJDK 64-Bit Server VM Temurin-21.0.10+7 (21.0.10+7-LTS, mixed mode, sharing, tiered, compressed oops, compressed class ptrs, parallel gc, windows-amd64)
GC Precious Log:
 CardTable entry size: 512
 CPUs: 16 total, 16 available
 Memory: 7501M
 Large Page Support: Disabled
 NUMA Support: Disabled
 Compressed Oops: Enabled (32-bit)
 Alignments: Space 512K, Generation 512K, Heap 2M
 Heap Min Capacity: 100M
 Heap Initial Capacity: 100M
 Heap Max Capacity: 2G
 Pre-touch: Disabled
 Parallel Workers: 13
Heap:
 PSYoungGen      total 19456K, used 15841K [0x00000000d5580000, 0x00000000d6e80000, 0x0000000100000000)
  eden space 17920K, 79% used [0x00000000d5580000,0x00000000d637fe18,0x00000000d6700000)
  from space 1536K, 98% used [0x00000000d6a00000,0x00000000d6b786b8,0x00000000d6b80000)
  to   space 3072K, 0% used [0x00000000d6700000,0x00000000d6700000,0x00000000d6a00000)
 ParOldGen       total 68608K, used 42729K [0x0000000080000000, 0x0000000084300000, 0x00000000d5580000)
  object space 68608K, 62% used [0x0000000080000000,0x00000000829ba5a0,0x0000000084300000)
 Metaspace       used 56447K, committed 57664K, reserved 1114112K
  class space    used 6029K, committed 6528K, reserved 1048576K
GC Heap History (20 events):
Event: 8.937 GC heap before
{Heap before GC invocations=25 (full 2):
 PSYoungGen      total 21504K, used 21048K [0x00000000d5580000, 0x00000000d6c80000, 0x0000000100000000)
  eden space 19456K, 99% used [0x00000000d5580000,0x00000000d687b608,0x00000000d6880000)
  from space 2048K, 78% used [0x00000000d6a80000,0x00000000d6c12c98,0x00000000d6c80000)
  to   space 2048K, 0% used [0x00000000d6880000,0x00000000d6880000,0x00000000d6a80000)
 ParOldGen       total 68608K, used 34005K [0x0000000080000000, 0x0000000084300000, 0x00000000d5580000)
  object space 68608K, 49% used [0x0000000080000000,0x0000000082135698,0x0000000084300000)
 Metaspace       used 40232K, committed 41408K, reserved 1114112K
  class space    used 4242K, committed 4736K, reserved 1048576K
}
Event: 8.940 GC heap after
{Heap after GC invocations=25 (full 2):
 PSYoungGen      total 21504K, used 1568K [0x00000000d5580000, 0x00000000d6c80000, 0x0000000100000000)
  eden space 19456K, 0% used [0x00000000d5580000,0x00000000d5580000,0x00000000d6880000)
  from space 2048K, 76% used [0x00000000d6880000,0x00000000d6a08000,0x00000000d6a80000)
  to   space 2048K, 0% used [0x00000000d6a80000,0x00000000d6a80000,0x00000000d6c80000)
 ParOldGen       total 68608K, used 35374K [0x0000000080000000, 0x0000000084300000, 0x00000000d5580000)
  object space 68608K, 51% used [0x0000000080000000,0x000000008228b898,0x0000000084300000)
 Metaspace       used 40232K, committed 41408K, reserved 1114112K
  class space    used 4242K, committed 4736K, reserved 1048576K
}
Event: 9.127 GC heap before
{Heap before GC invocations=26 (full 2):
 PSYoungGen      total 21504K, used 21024K [0x00000000d5580000, 0x00000000d6c80000, 0x0000000100000000)
  eden space 19456K, 100% used [0x00000000d5580000,0x00000000d6880000,0x00000000d6880000)
  from space 2048K, 76% used [0x00000000d6880000,0x00000000d6a08000,0x00000000d6a80000)
  to   space 2048K, 0% used [0x00000000d6a80000,0x00000000d6a80000,0x00000000d6c80000)
 ParOldGen       total 68608K, used 35374K [0x0000000080000000, 0x0000000084300000, 0x00000000d5580000)
  object space 68608K, 51% used [0x0000000080000000,0x000000008228b898,0x0000000084300000)
 Metaspace       used 42724K, committed 43904K, reserved 1114112K
  class space    used 4519K, committed 5056K, reserved 1048576K
}
Event: 9.131 GC heap after
{Heap after GC invocations=26 (full 2):
 PSYoungGen      total 20992K, used 1198K [0x00000000d5580000, 0x00000000d6c00000, 0x0000000100000000)
  eden space 19456K, 0% used [0x00000000d5580000,0x00000000d5580000,0x00000000d6880000)
  from space 1536K, 78% used [0x00000000d6a80000,0x00000000d6bab958,0x00000000d6c00000)
  to   space 1536K, 0% used [0x00000000d6900000,0x00000000d6900000,0x00000000d6a80000)
 ParOldGen       total 68608K, used 36714K [0x0000000080000000, 0x0000000084300000, 0x00000000d5580000)
  object space 68608K, 53% used [0x0000000080000000,0x00000000823da8b8,0x0000000084300000)
 Metaspace       used 42724K, committed 43904K, reserved 1114112K
  class space    used 4519K, committed 5056K, reserved 1048576K
}
Event: 9.380 GC heap before
{Heap before GC invocations=27 (full 2):
 PSYoungGen      total 20992K, used 20654K [0x00000000d5580000, 0x00000000d6c00000, 0x0000000100000000)
  eden space 19456K, 100% used [0x00000000d5580000,0x00000000d6880000,0x00000000d6880000)
  from space 1536K, 78% used [0x00000000d6a80000,0x00000000d6bab958,0x00000000d6c00000)
  to   space 1536K, 0% used [0x00000000d6900000,0x00000000d6900000,0x00000000d6a80000)
 ParOldGen       total 68608K, used 36714K [0x0000000080000000, 0x0000000084300000, 0x00000000d5580000)
  object space 68608K, 53% used [0x0000000080000000,0x00000000823da8b8,0x0000000084300000)
 Metaspace       used 45080K, committed 46208K, reserved 1114112K
  class space    used 4809K, committed 5312K, reserved 1048576K
}
Event: 9.383 GC heap after
{Heap after GC invocations=27 (full 2):
 PSYoungGen      total 20992K, used 1083K [0x00000000d5580000, 0x00000000d6b80000, 0x0000000100000000)
  eden space 19456K, 0% used [0x00000000d5580000,0x00000000d5580000,0x00000000d6880000)
  from space 1536K, 70% used [0x00000000d6900000,0x00000000d6a0ee68,0x00000000d6a80000)
  to   space 1024K, 0% used [0x00000000d6a80000,0x00000000d6a80000,0x00000000d6b80000)
 ParOldGen       total 68608K, used 37501K [0x0000000080000000, 0x0000000084300000, 0x00000000d5580000)
  object space 68608K, 54% used [0x0000000080000000,0x000000008249f5a8,0x0000000084300000)
 Metaspace       used 45080K, committed 46208K, reserved 1114112K
  class space    used 4809K, committed 5312K, reserved 1048576K
}
Event: 9.687 GC heap before
{Heap before GC invocations=28 (full 2):
 PSYoungGen      total 20992K, used 20539K [0x00000000d5580000, 0x00000000d6b80000, 0x0000000100000000)
  eden space 19456K, 100% used [0x00000000d5580000,0x00000000d6880000,0x00000000d6880000)
  from space 1536K, 70% used [0x00000000d6900000,0x00000000d6a0ee68,0x00000000d6a80000)
  to   space 1024K, 0% used [0x00000000d6a80000,0x00000000d6a80000,0x00000000d6b80000)
 ParOldGen       total 68608K, used 37501K [0x0000000080000000, 0x0000000084300000, 0x00000000d5580000)
  object space 68608K, 54% used [0x0000000080000000,0x000000008249f5a8,0x0000000084300000)
 Metaspace       used 46464K, committed 47616K, reserved 1114112K
  class space    used 5009K, committed 5504K, reserved 1048576K
}
Event: 9.689 GC heap after
{Heap after GC invocations=28 (full 2):
 PSYoungGen      total 20480K, used 800K [0x00000000d5580000, 0x00000000d6b80000, 0x0000000100000000)
  eden space 19456K, 0% used [0x00000000d5580000,0x00000000d5580000,0x00000000d6880000)
  from space 1024K, 78% used [0x00000000d6a80000,0x00000000d6b48000,0x00000000d6b80000)
  to   space 1024K, 0% used [0x00000000d6980000,0x00000000d6980000,0x00000000d6a80000)
 ParOldGen       total 68608K, used 38396K [0x0000000080000000, 0x0000000084300000, 0x00000000d5580000)
  object space 68608K, 55% used [0x0000000080000000,0x000000008257f278,0x0000000084300000)
 Metaspace       used 46464K, committed 47616K, reserved 1114112K
  class space    used 5009K, committed 5504K, reserved 1048576K
}
Event: 10.031 GC heap before
{Heap before GC invocations=29 (full 2):
 PSYoungGen      total 20480K, used 20256K [0x00000000d5580000, 0x00000000d6b80000, 0x0000000100000000)
  eden space 19456K, 100% used [0x00000000d5580000,0x00000000d6880000,0x00000000d6880000)
  from space 1024K, 78% used [0x00000000d6a80000,0x00000000d6b48000,0x00000000d6b80000)
  to   space 1024K, 0% used [0x00000000d6980000,0x00000000d6980000,0x00000000d6a80000)
 ParOldGen       total 68608K, used 38396K [0x0000000080000000, 0x0000000084300000, 0x00000000d5580000)
  object space 68608K, 55% used [0x0000000080000000,0x000000008257f278,0x0000000084300000)
 Metaspace       used 48111K, committed 49280K, reserved 1114112K
  class space    used 5217K, committed 5760K, reserved 1048576K
}
Event: 10.033 GC heap after
{Heap after GC invocations=29 (full 2):
 PSYoungGen      total 20480K, used 1024K [0x00000000d5580000, 0x00000000d6c80000, 0x0000000100000000)
  eden space 19456K, 0% used [0x00000000d5580000,0x00000000d5580000,0x00000000d6880000)
  from space 1024K, 100% used [0x00000000d6980000,0x00000000d6a80000,0x00000000d6a80000)
  to   space 2048K, 0% used [0x00000000d6a80000,0x00000000d6a80000,0x00000000d6c80000)
 ParOldGen       total 68608K, used 39028K [0x0000000080000000, 0x0000000084300000, 0x00000000d5580000)
  object space 68608K, 56% used [0x0000000080000000,0x000000008261d278,0x0000000084300000)
 Metaspace       used 48111K, committed 49280K, reserved 1114112K
  class space    used 5217K, committed 5760K, reserved 1048576K
}
Event: 10.318 GC heap before
{Heap before GC invocations=30 (full 2):
 PSYoungGen      total 20480K, used 20480K [0x00000000d5580000, 0x00000000d6c80000, 0x0000000100000000)
  eden space 19456K, 100% used [0x00000000d5580000,0x00000000d6880000,0x00000000d6880000)
  from space 1024K, 100% used [0x00000000d6980000,0x00000000d6a80000,0x00000000d6a80000)
  to   space 2048K, 0% used [0x00000000d6a80000,0x00000000d6a80000,0x00000000d6c80000)
 ParOldGen       total 68608K, used 39028K [0x0000000080000000, 0x0000000084300000, 0x00000000d5580000)
  object space 68608K, 56% used [0x0000000080000000,0x000000008261d278,0x0000000084300000)
 Metaspace       used 49884K, committed 51072K, reserved 1114112K
  class space    used 5412K, committed 5952K, reserved 1048576K
}
Event: 10.320 GC heap after
{Heap after GC invocations=30 (full 2):
 PSYoungGen      total 20480K, used 960K [0x00000000d5580000, 0x00000000d6b80000, 0x0000000100000000)
  eden space 19456K, 0% used [0x00000000d5580000,0x00000000d5580000,0x00000000d6880000)
  from space 1024K, 93% used [0x00000000d6a80000,0x00000000d6b70000,0x00000000d6b80000)
  to   space 1536K, 0% used [0x00000000d6880000,0x00000000d6880000,0x00000000d6a00000)
 ParOldGen       total 68608K, used 39888K [0x0000000080000000, 0x0000000084300000, 0x00000000d5580000)
  object space 68608K, 58% used [0x0000000080000000,0x00000000826f4288,0x0000000084300000)
 Metaspace       used 49884K, committed 51072K, reserved 1114112K
  class space    used 5412K, committed 5952K, reserved 1048576K
}
Event: 10.492 GC heap before
{Heap before GC invocations=31 (full 2):
 PSYoungGen      total 20480K, used 20416K [0x00000000d5580000, 0x00000000d6b80000, 0x0000000100000000)
  eden space 19456K, 100% used [0x00000000d5580000,0x00000000d6880000,0x00000000d6880000)
  from space 1024K, 93% used [0x00000000d6a80000,0x00000000d6b70000,0x00000000d6b80000)
  to   space 1536K, 0% used [0x00000000d6880000,0x00000000d6880000,0x00000000d6a00000)
 ParOldGen       total 68608K, used 39888K [0x0000000080000000, 0x0000000084300000, 0x00000000d5580000)
  object space 68608K, 58% used [0x0000000080000000,0x00000000826f4288,0x0000000084300000)
 Metaspace       used 51153K, committed 52288K, reserved 1114112K
  class space    used 5519K, committed 6016K, reserved 1048576K
}
Event: 10.495 GC heap after
{Heap after GC invocations=31 (full 2):
 PSYoungGen      total 20992K, used 1529K [0x00000000d5580000, 0x00000000d6d80000, 0x0000000100000000)
  eden space 19456K, 0% used [0x00000000d5580000,0x00000000d5580000,0x00000000d6880000)
  from space 1536K, 99% used [0x00000000d6880000,0x00000000d69fe7e0,0x00000000d6a00000)
  to   space 2560K, 0% used [0x00000000d6b00000,0x00000000d6b00000,0x00000000d6d80000)
 ParOldGen       total 68608K, used 40592K [0x0000000080000000, 0x0000000084300000, 0x00000000d5580000)
  object space 68608K, 59% used [0x0000000080000000,0x00000000827a4288,0x0000000084300000)
 Metaspace       used 51153K, committed 52288K, reserved 1114112K
  class space    used 5519K, committed 6016K, reserved 1048576K
}
Event: 10.578 GC heap before
{Heap before GC invocations=32 (full 2):
 PSYoungGen      total 20992K, used 20985K [0x00000000d5580000, 0x00000000d6d80000, 0x0000000100000000)
  eden space 19456K, 100% used [0x00000000d5580000,0x00000000d6880000,0x00000000d6880000)
  from space 1536K, 99% used [0x00000000d6880000,0x00000000d69fe7e0,0x00000000d6a00000)
  to   space 2560K, 0% used [0x00000000d6b00000,0x00000000d6b00000,0x00000000d6d80000)
 ParOldGen       total 68608K, used 40592K [0x0000000080000000, 0x0000000084300000, 0x00000000d5580000)
  object space 68608K, 59% used [0x0000000080000000,0x00000000827a4288,0x0000000084300000)
 Metaspace       used 51169K, committed 52352K, reserved 1114112K
  class space    used 5519K, committed 6016K, reserved 1048576K
}
Event: 10.581 GC heap after
{Heap after GC invocations=32 (full 2):
 PSYoungGen      total 20480K, used 982K [0x00000000d5580000, 0x00000000d6c00000, 0x0000000100000000)
  eden space 19456K, 0% used [0x00000000d5580000,0x00000000d5580000,0x00000000d6880000)
  from space 1024K, 95% used [0x00000000d6b00000,0x00000000d6bf5a28,0x00000000d6c00000)
  to   space 1536K, 0% used [0x00000000d6900000,0x00000000d6900000,0x00000000d6a80000)
 ParOldGen       total 68608K, used 41727K [0x0000000080000000, 0x0000000084300000, 0x00000000d5580000)
  object space 68608K, 60% used [0x0000000080000000,0x00000000828bffe0,0x0000000084300000)
 Metaspace       used 51169K, committed 52352K, reserved 1114112K
  class space    used 5519K, committed 6016K, reserved 1048576K
}
Event: 10.996 GC heap before
{Heap before GC invocations=33 (full 2):
 PSYoungGen      total 20480K, used 20437K [0x00000000d5580000, 0x00000000d6c00000, 0x0000000100000000)
  eden space 19456K, 99% used [0x00000000d5580000,0x00000000d687fa20,0x00000000d6880000)
  from space 1024K, 95% used [0x00000000d6b00000,0x00000000d6bf5a28,0x00000000d6c00000)
  to   space 1536K, 0% used [0x00000000d6900000,0x00000000d6900000,0x00000000d6a80000)
 ParOldGen       total 68608K, used 41727K [0x0000000080000000, 0x0000000084300000, 0x00000000d5580000)
  object space 68608K, 60% used [0x0000000080000000,0x00000000828bffe0,0x0000000084300000)
 Metaspace       used 53587K, committed 54848K, reserved 1114112K
  class space    used 5747K, committed 6272K, reserved 1048576K
}
Event: 10.998 GC heap after
{Heap after GC invocations=33 (full 2):
 PSYoungGen      total 20480K, used 944K [0x00000000d5580000, 0x00000000d6b80000, 0x0000000100000000)
  eden space 19456K, 0% used [0x00000000d5580000,0x00000000d5580000,0x00000000d6880000)
  from space 1024K, 92% used [0x00000000d6900000,0x00000000d69ec3f8,0x00000000d6a00000)
  to   space 1536K, 0% used [0x00000000d6a00000,0x00000000d6a00000,0x00000000d6b80000)
 ParOldGen       total 68608K, used 41759K [0x0000000080000000, 0x0000000084300000, 0x00000000d5580000)
  object space 68608K, 60% used [0x0000000080000000,0x00000000828c7fe0,0x0000000084300000)
 Metaspace       used 53587K, committed 54848K, reserved 1114112K
  class space    used 5747K, committed 6272K, reserved 1048576K
}
Event: 11.334 GC heap before
{Heap before GC invocations=34 (full 2):
 PSYoungGen      total 20480K, used 20400K [0x00000000d5580000, 0x00000000d6b80000, 0x0000000100000000)
  eden space 19456K, 100% used [0x00000000d5580000,0x00000000d6880000,0x00000000d6880000)
  from space 1024K, 92% used [0x00000000d6900000,0x00000000d69ec3f8,0x00000000d6a00000)
  to   space 1536K, 0% used [0x00000000d6a00000,0x00000000d6a00000,0x00000000d6b80000)
 ParOldGen       total 68608K, used 41759K [0x0000000080000000, 0x0000000084300000, 0x00000000d5580000)
  object space 68608K, 60% used [0x0000000080000000,0x00000000828c7fe0,0x0000000084300000)
 Metaspace       used 55013K, committed 56256K, reserved 1114112K
  class space    used 5924K, committed 6400K, reserved 1048576K
}
Event: 11.338 GC heap after
{Heap after GC invocations=34 (full 2):
 PSYoungGen      total 19456K, used 1505K [0x00000000d5580000, 0x00000000d6e80000, 0x0000000100000000)
  eden space 17920K, 0% used [0x00000000d5580000,0x00000000d5580000,0x00000000d6700000)
  from space 1536K, 98% used [0x00000000d6a00000,0x00000000d6b786b8,0x00000000d6b80000)
  to   space 3072K, 0% used [0x00000000d6700000,0x00000000d6700000,0x00000000d6a00000)
 ParOldGen       total 68608K, used 42729K [0x0000000080000000, 0x0000000084300000, 0x00000000d5580000)
  object space 68608K, 62% used [0x0000000080000000,0x00000000829ba5a0,0x0000000084300000)
 Metaspace       used 55013K, committed 56256K, reserved 1114112K
  class space    used 5924K, committed 6400K, reserved 1048576K
}

