# JRE version: OpenJDK Runtime Environment Temurin-21.0.10+7 (21.0.10+7) (build 21.0.10+7-LTS)
# Java VM: OpenJDK 64-Bit Server VM Temurin-21.0.10+7 (21.0.10+7-LTS, mixed mode, sharing, tiered, compressed oops, compressed class ptrs, parallel gc, windows-amd64)
GC Precious Log:
 CardTable entry size: 512
 CPUs: 16 total, 16 available
 Memory: 7501M
 Large Page Support: Disabled
 NUMA Support: Disabled
 Compressed Oops: Enabled (32-bit)
 Alignments: Space 512K, Generation 512K, Heap 2M
 Heap Min Capacity: 100M
 Heap Initial Capacity: 100M
 Heap Max Capacity: 2G
 Pre-touch: Disabled
 Parallel Workers: 13
Heap:
 PSYoungGen      total 20992K, used 5086K [0x00000000d5580000, 0x00000000d6c80000, 0x0000000100000000)
  eden space 19968K, 20% used [0x00000000d5580000,0x00000000d597b420,0x00000000d6900000)
  from space 1024K, 98% used [0x00000000d6b80000,0x00000000d6c7c7d0,0x00000000d6c80000)
  to   space 1536K, 0% used [0x00000000d6980000,0x00000000d6980000,0x00000000d6b00000)
 ParOldGen       total 68608K, used 39224K [0x0000000080000000, 0x0000000084300000, 0x00000000d5580000)
  object space 68608K, 57% used [0x0000000080000000,0x000000008264e0a8,0x0000000084300000)
 Metaspace       used 60879K, committed 62144K, reserved 1114112K
  class space    used 6565K, committed 7168K, reserved 1048576K
GC Heap History (20 events):
Event: 40.569 GC heap before
{Heap before GC invocations=28 (full 2):
 PSYoungGen      total 22016K, used 21581K [0x00000000d5580000, 0x00000000d6d00000, 0x0000000100000000)
  eden space 19968K, 99% used [0x00000000d5580000,0x00000000d68fc998,0x00000000d6900000)
  from space 2048K, 79% used [0x00000000d6900000,0x00000000d6a96b38,0x00000000d6b00000)
  to   space 2048K, 0% used [0x00000000d6b00000,0x00000000d6b00000,0x00000000d6d00000)
 ParOldGen       total 68608K, used 39766K [0x0000000080000000, 0x0000000084300000, 0x00000000d5580000)
  object space 68608K, 57% used [0x0000000080000000,0x00000000826d5bf0,0x0000000084300000)
 Metaspace       used 48098K, committed 49344K, reserved 1114112K
  class space    used 5140K, committed 5696K, reserved 1048576K
}
Event: 40.572 GC heap after
{Heap after GC invocations=28 (full 2):
 PSYoungGen      total 20992K, used 853K [0x00000000d5580000, 0x00000000d6c00000, 0x0000000100000000)
  eden space 19968K, 0% used [0x00000000d5580000,0x00000000d5580000,0x00000000d6900000)
  from space 1024K, 83% used [0x00000000d6b00000,0x00000000d6bd57f0,0x00000000d6c00000)
  to   space 1536K, 0% used [0x00000000d6900000,0x00000000d6900000,0x00000000d6a80000)
 ParOldGen       total 68608K, used 41116K [0x0000000080000000, 0x0000000084300000, 0x00000000d5580000)
  object space 68608K, 59% used [0x0000000080000000,0x00000000828270d0,0x0000000084300000)
 Metaspace       used 48098K, committed 49344K, reserved 1114112K
  class space    used 5140K, committed 5696K, reserved 1048576K
}
Event: 40.950 GC heap before
{Heap before GC invocations=29 (full 2):
 PSYoungGen      total 20992K, used 20821K [0x00000000d5580000, 0x00000000d6c00000, 0x0000000100000000)
  eden space 19968K, 100% used [0x00000000d5580000,0x00000000d6900000,0x00000000d6900000)
  from space 1024K, 83% used [0x00000000d6b00000,0x00000000d6bd57f0,0x00000000d6c00000)
  to   space 1536K, 0% used [0x00000000d6900000,0x00000000d6900000,0x00000000d6a80000)
 ParOldGen       total 68608K, used 41116K [0x0000000080000000, 0x0000000084300000, 0x00000000d5580000)
  object space 68608K, 59% used [0x0000000080000000,0x00000000828270d0,0x0000000084300000)
 Metaspace       used 50231K, committed 51584K, reserved 1114112K
  class space    used 5415K, committed 6016K, reserved 1048576K
}
Event: 40.953 GC heap after
{Heap after GC invocations=29 (full 2):
 PSYoungGen      total 21504K, used 1335K [0x00000000d5580000, 0x00000000d6c00000, 0x0000000100000000)
  eden space 19968K, 0% used [0x00000000d5580000,0x00000000d5580000,0x00000000d6900000)
  from space 1536K, 86% used [0x00000000d6900000,0x00000000d6a4ded0,0x00000000d6a80000)
  to   space 1536K, 0% used [0x00000000d6a80000,0x00000000d6a80000,0x00000000d6c00000)
 ParOldGen       total 68608K, used 41743K [0x0000000080000000, 0x0000000084300000, 0x00000000d5580000)
  object space 68608K, 60% used [0x0000000080000000,0x00000000828c3cf0,0x0000000084300000)
 Metaspace       used 50231K, committed 51584K, reserved 1114112K
  class space    used 5415K, committed 6016K, reserved 1048576K
}
Event: 41.194 GC heap before
{Heap before GC invocations=30 (full 2):
 PSYoungGen      total 21504K, used 21303K [0x00000000d5580000, 0x00000000d6c00000, 0x0000000100000000)
  eden space 19968K, 100% used [0x00000000d5580000,0x00000000d6900000,0x00000000d6900000)
  from space 1536K, 86% used [0x00000000d6900000,0x00000000d6a4ded0,0x00000000d6a80000)
  to   space 1536K, 0% used [0x00000000d6a80000,0x00000000d6a80000,0x00000000d6c00000)
 ParOldGen       total 68608K, used 41743K [0x0000000080000000, 0x0000000084300000, 0x00000000d5580000)
  object space 68608K, 60% used [0x0000000080000000,0x00000000828c3cf0,0x0000000084300000)
 Metaspace       used 51567K, committed 52864K, reserved 1114112K
  class space    used 5598K, committed 6208K, reserved 1048576K
}
Event: 41.196 GC heap after
{Heap after GC invocations=30 (full 2):
 PSYoungGen      total 21504K, used 896K [0x00000000d5580000, 0x00000000d6c00000, 0x0000000100000000)
  eden space 19968K, 0% used [0x00000000d5580000,0x00000000d5580000,0x00000000d6900000)
  from space 1536K, 58% used [0x00000000d6a80000,0x00000000d6b60000,0x00000000d6c00000)
  to   space 1536K, 0% used [0x00000000d6900000,0x00000000d6900000,0x00000000d6a80000)
 ParOldGen       total 68608K, used 42831K [0x0000000080000000, 0x0000000084300000, 0x00000000d5580000)
  object space 68608K, 62% used [0x0000000080000000,0x00000000829d3c28,0x0000000084300000)
 Metaspace       used 51567K, committed 52864K, reserved 1114112K
  class space    used 5598K, committed 6208K, reserved 1048576K
}
Event: 41.561 GC heap before
{Heap before GC invocations=31 (full 2):
 PSYoungGen      total 21504K, used 20839K [0x00000000d5580000, 0x00000000d6c00000, 0x0000000100000000)
  eden space 19968K, 99% used [0x00000000d5580000,0x00000000d68f9f90,0x00000000d6900000)
  from space 1536K, 58% used [0x00000000d6a80000,0x00000000d6b60000,0x00000000d6c00000)
  to   space 1536K, 0% used [0x00000000d6900000,0x00000000d6900000,0x00000000d6a80000)
 ParOldGen       total 68608K, used 42831K [0x0000000080000000, 0x0000000084300000, 0x00000000d5580000)
  object space 68608K, 62% used [0x0000000080000000,0x00000000829d3c28,0x0000000084300000)
 Metaspace       used 53686K, committed 54912K, reserved 1114112K
  class space    used 5867K, committed 6464K, reserved 1048576K
}
Event: 41.564 GC heap after
{Heap after GC invocations=31 (full 2):
 PSYoungGen      total 21504K, used 1040K [0x00000000d5580000, 0x00000000d6c00000, 0x0000000100000000)
  eden space 19968K, 0% used [0x00000000d5580000,0x00000000d5580000,0x00000000d6900000)
  from space 1536K, 67% used [0x00000000d6900000,0x00000000d6a04010,0x00000000d6a80000)
  to   space 1536K, 0% used [0x00000000d6a80000,0x00000000d6a80000,0x00000000d6c00000)
 ParOldGen       total 68608K, used 43539K [0x0000000080000000, 0x0000000084300000, 0x00000000d5580000)
  object space 68608K, 63% used [0x0000000080000000,0x0000000082a84c38,0x0000000084300000)
 Metaspace       used 53686K, committed 54912K, reserved 1114112K
  class space    used 5867K, committed 6464K, reserved 1048576K
}
Event: 41.935 GC heap before
{Heap before GC invocations=32 (full 2):
 PSYoungGen      total 21504K, used 20944K [0x00000000d5580000, 0x00000000d6c00000, 0x0000000100000000)
  eden space 19968K, 99% used [0x00000000d5580000,0x00000000d68f0020,0x00000000d6900000)
  from space 1536K, 67% used [0x00000000d6900000,0x00000000d6a04010,0x00000000d6a80000)
  to   space 1536K, 0% used [0x00000000d6a80000,0x00000000d6a80000,0x00000000d6c00000)
 ParOldGen       total 68608K, used 43539K [0x0000000080000000, 0x0000000084300000, 0x00000000d5580000)
  object space 68608K, 63% used [0x0000000080000000,0x0000000082a84c38,0x0000000084300000)
 Metaspace       used 55292K, committed 56576K, reserved 1114112K
  class space    used 6041K, committed 6656K, reserved 1048576K
}
Event: 41.938 GC heap after
{Heap after GC invocations=32 (full 2):
 PSYoungGen      total 20992K, used 955K [0x00000000d5580000, 0x00000000d6b80000, 0x0000000100000000)
  eden space 19968K, 0% used [0x00000000d5580000,0x00000000d5580000,0x00000000d6900000)
  from space 1024K, 93% used [0x00000000d6a80000,0x00000000d6b6ee28,0x00000000d6b80000)
  to   space 1024K, 0% used [0x00000000d6980000,0x00000000d6980000,0x00000000d6a80000)
 ParOldGen       total 68608K, used 44295K [0x0000000080000000, 0x0000000084300000, 0x00000000d5580000)
  object space 68608K, 64% used [0x0000000080000000,0x0000000082b41c88,0x0000000084300000)
 Metaspace       used 55292K, committed 56576K, reserved 1114112K
  class space    used 6041K, committed 6656K, reserved 1048576K
}
Event: 42.139 GC heap before
{Heap before GC invocations=33 (full 2):
 PSYoungGen      total 20992K, used 20923K [0x00000000d5580000, 0x00000000d6b80000, 0x0000000100000000)
  eden space 19968K, 99% used [0x00000000d5580000,0x00000000d68ffff8,0x00000000d6900000)
  from space 1024K, 93% used [0x00000000d6a80000,0x00000000d6b6ee28,0x00000000d6b80000)
  to   space 1024K, 0% used [0x00000000d6980000,0x00000000d6980000,0x00000000d6a80000)
 ParOldGen       total 68608K, used 44295K [0x0000000080000000, 0x0000000084300000, 0x00000000d5580000)
  object space 68608K, 64% used [0x0000000080000000,0x0000000082b41c88,0x0000000084300000)
 Metaspace       used 56108K, committed 57408K, reserved 1114112K
  class space    used 6091K, committed 6720K, reserved 1048576K
}
Event: 42.143 GC heap after
{Heap after GC invocations=33 (full 2):
 PSYoungGen      total 20992K, used 997K [0x00000000d5580000, 0x00000000d6f00000, 0x0000000100000000)
  eden space 19968K, 0% used [0x00000000d5580000,0x00000000d5580000,0x00000000d6900000)
  from space 1024K, 97% used [0x00000000d6980000,0x00000000d6a79420,0x00000000d6a80000)
  to   space 3072K, 0% used [0x00000000d6c00000,0x00000000d6c00000,0x00000000d6f00000)
 ParOldGen       total 68608K, used 45819K [0x0000000080000000, 0x0000000084300000, 0x00000000d5580000)
  object space 68608K, 66% used [0x0000000080000000,0x0000000082cbee38,0x0000000084300000)
 Metaspace       used 56108K, committed 57408K, reserved 1114112K
  class space    used 6091K, committed 6720K, reserved 1048576K
}
Event: 42.258 GC heap before
{Heap before GC invocations=34 (full 2):
 PSYoungGen      total 20992K, used 20965K [0x00000000d5580000, 0x00000000d6f00000, 0x0000000100000000)
  eden space 19968K, 100% used [0x00000000d5580000,0x00000000d6900000,0x00000000d6900000)
  from space 1024K, 97% used [0x00000000d6980000,0x00000000d6a79420,0x00000000d6a80000)
  to   space 3072K, 0% used [0x00000000d6c00000,0x00000000d6c00000,0x00000000d6f00000)
 ParOldGen       total 68608K, used 45819K [0x0000000080000000, 0x0000000084300000, 0x00000000d5580000)
  object space 68608K, 66% used [0x0000000080000000,0x0000000082cbee38,0x0000000084300000)
 Metaspace       used 56372K, committed 57664K, reserved 1114112K
  class space    used 6102K, committed 6720K, reserved 1048576K
}
Event: 42.260 GC heap after
{Heap after GC invocations=34 (full 2):
 PSYoungGen      total 20480K, used 511K [0x00000000d5580000, 0x00000000d6c80000, 0x0000000100000000)
  eden space 19968K, 0% used [0x00000000d5580000,0x00000000d5580000,0x00000000d6900000)
  from space 512K, 99% used [0x00000000d6c00000,0x00000000d6c7ff10,0x00000000d6c80000)
  to   space 1536K, 0% used [0x00000000d6980000,0x00000000d6980000,0x00000000d6b00000)
 ParOldGen       total 68608K, used 46079K [0x0000000080000000, 0x0000000084300000, 0x00000000d5580000)
  object space 68608K, 67% used [0x0000000080000000,0x0000000082cffee8,0x0000000084300000)
 Metaspace       used 56372K, committed 57664K, reserved 1114112K
  class space    used 6102K, committed 6720K, reserved 1048576K
}
Event: 42.503 GC heap before
{Heap before GC invocations=35 (full 2):
 PSYoungGen      total 20480K, used 14294K [0x00000000d5580000, 0x00000000d6c80000, 0x0000000100000000)
  eden space 19968K, 69% used [0x00000000d5580000,0x00000000d62f5940,0x00000000d6900000)
  from space 512K, 99% used [0x00000000d6c00000,0x00000000d6c7ff10,0x00000000d6c80000)
  to   space 1536K, 0% used [0x00000000d6980000,0x00000000d6980000,0x00000000d6b00000)
 ParOldGen       total 68608K, used 46079K [0x0000000080000000, 0x0000000084300000, 0x00000000d5580000)
  object space 68608K, 67% used [0x0000000080000000,0x0000000082cffee8,0x0000000084300000)
 Metaspace       used 58515K, committed 59776K, reserved 1114112K
  class space    used 6319K, committed 6912K, reserved 1048576K
}
Event: 42.505 GC heap after
{Heap after GC invocations=35 (full 2):
 PSYoungGen      total 21504K, used 928K [0x00000000d5580000, 0x00000000d6c80000, 0x0000000100000000)
  eden space 19968K, 0% used [0x00000000d5580000,0x00000000d5580000,0x00000000d6900000)
  from space 1536K, 60% used [0x00000000d6980000,0x00000000d6a68040,0x00000000d6b00000)
  to   space 1024K, 0% used [0x00000000d6b80000,0x00000000d6b80000,0x00000000d6c80000)
 ParOldGen       total 68608K, used 46263K [0x0000000080000000, 0x0000000084300000, 0x00000000d5580000)
  object space 68608K, 67% used [0x0000000080000000,0x0000000082d2ddf8,0x0000000084300000)
 Metaspace       used 58515K, committed 59776K, reserved 1114112K
  class space    used 6319K, committed 6912K, reserved 1048576K
}
Event: 42.506 GC heap before
{Heap before GC invocations=36 (full 3):
 PSYoungGen      total 21504K, used 928K [0x00000000d5580000, 0x00000000d6c80000, 0x0000000100000000)
  eden space 19968K, 0% used [0x00000000d5580000,0x00000000d5580000,0x00000000d6900000)
  from space 1536K, 60% used [0x00000000d6980000,0x00000000d6a68040,0x00000000d6b00000)
  to   space 1024K, 0% used [0x00000000d6b80000,0x00000000d6b80000,0x00000000d6c80000)
 ParOldGen       total 68608K, used 46263K [0x0000000080000000, 0x0000000084300000, 0x00000000d5580000)
  object space 68608K, 67% used [0x0000000080000000,0x0000000082d2ddf8,0x0000000084300000)
 Metaspace       used 58515K, committed 59776K, reserved 1114112K
  class space    used 6319K, committed 6912K, reserved 1048576K
}
Event: 42.601 GC heap after
{Heap after GC invocations=36 (full 3):
 PSYoungGen      total 21504K, used 0K [0x00000000d5580000, 0x00000000d6c80000, 0x0000000100000000)
  eden space 19968K, 0% used [0x00000000d5580000,0x00000000d5580000,0x00000000d6900000)
  from space 1536K, 0% used [0x00000000d6980000,0x00000000d6980000,0x00000000d6b00000)
  to   space 1024K, 0% used [0x00000000d6b80000,0x00000000d6b80000,0x00000000d6c80000)
 ParOldGen       total 68608K, used 38427K [0x0000000080000000, 0x0000000084300000, 0x00000000d5580000)
  object space 68608K, 56% used [0x0000000080000000,0x0000000082586fc8,0x0000000084300000)
 Metaspace       used 58515K, committed 59776K, reserved 1114112K
  class space    used 6319K, committed 6912K, reserved 1048576K
}
Event: 43.069 GC heap before
{Heap before GC invocations=37 (full 3):
 PSYoungGen      total 21504K, used 19595K [0x00000000d5580000, 0x00000000d6c80000, 0x0000000100000000)
  eden space 19968K, 98% used [0x00000000d5580000,0x00000000d68a2d50,0x00000000d6900000)
  from space 1536K, 0% used [0x00000000d6980000,0x00000000d6980000,0x00000000d6b00000)
  to   space 1024K, 0% used [0x00000000d6b80000,0x00000000d6b80000,0x00000000d6c80000)
 ParOldGen       total 68608K, used 38427K [0x0000000080000000, 0x0000000084300000, 0x00000000d5580000)
  object space 68608K, 56% used [0x0000000080000000,0x0000000082586fc8,0x0000000084300000)
 Metaspace       used 60570K, committed 61824K, reserved 1114112K
  class space    used 6545K, committed 7104K, reserved 1048576K
}
Event: 43.071 GC heap after
{Heap after GC invocations=37 (full 3):
 PSYoungGen      total 20992K, used 1009K [0x00000000d5580000, 0x00000000d6c80000, 0x0000000100000000)
  eden space 19968K, 0% used [0x00000000d5580000,0x00000000d5580000,0x00000000d6900000)
  from space 1024K, 98% used [0x00000000d6b80000,0x00000000d6c7c7d0,0x00000000d6c80000)
  to   space 1536K, 0% used [0x00000000d6980000,0x00000000d6980000,0x00000000d6b00000)
 ParOldGen       total 68608K, used 39224K [0x0000000080000000, 0x0000000084300000, 0x00000000d5580000)
  object space 68608K, 57% used [0x0000000080000000,0x000000008264e0a8,0x0000000084300000)
 Metaspace       used 60570K, committed 61824K, reserved 1114112K
  class space    used 6545K, committed 7104K, reserved 1048576K
}

